<?xml version="1.0" encoding="UTF-8"?>
<!-- Generated by org.testng.reporters.JUnitReportReporter -->
<testsuite hostname="QA-Saurabh" failures="0" tests="1" name="main.MainClass" time="62.636" errors="0" timestamp="2024-10-15T17:34:28 IST" skipped="0">
  <testcase classname="main.MainClass" name="login" time="62.636"/>
  <system-out/>
</testsuite> <!-- main.MainClass -->
